2024-10-23 21:28:49 - INFO - Òåñòèðîâàíèå íà÷àòî
2024-10-23 21:28:51 - INFO - Start test: regular keyword 'Python'
2024-10-23 21:28:51 - INFO - Test regular keyword 'Python' if finished successfully
2024-10-23 21:28:59 - INFO - Start test: part of the word 'Py'
2024-10-23 21:29:00 - INFO - Test part of the word 'Py' if finished successfully
2024-10-23 21:29:08 - INFO - Start test: keyword 'PYTHON' (case sensitivity)
2024-10-23 21:29:09 - INFO - Test keyword 'PYTHON' (case sensitivity) if finished successfully
2024-10-23 21:29:17 - INFO - Start test: keyword with spaces at the beginning and end
2024-10-23 21:29:17 - INFO - Test keyword with spaces at the beginning and end if finished successfully
2024-10-23 21:29:25 - INFO - Start test: common typo 'Pythno'
2024-10-23 21:29:26 - ERROR - Error in the test common typo 'Pythno': Ðåçóëüòàòû íå ñîäåðæàò êëþ÷åâîå ñëîâî 'Python'
assert False
 +  where False = any(<generator object test_search.<locals>.<genexpr> at 0x000001FC2E3A09E0>)
Traceback (most recent call last):
  File "C:\Users\Anastasia\Desktop\python\testing_search_input_python.org\logger.py", line 46, in wrapper
    result = func(driver, test_data, *args, **kwargs)
             ^^^^^^^^^^^^^^^^^^^^^^^^^^^^^^^^^^^^^^^^
  File "C:\Users\Anastasia\Desktop\python\testing_search_input_python.org\test.py", line 56, in test_search
    assert any(test_data["expected"] in result.text for result in results), \
AssertionError: Ðåçóëüòàòû íå ñîäåðæàò êëþ÷åâîå ñëîâî 'Python'
assert False
 +  where False = any(<generator object test_search.<locals>.<genexpr> at 0x000001FC2E3A09E0>)
2024-10-23 21:29:30 - INFO - Start test: keyword with special characters 'Python 3.8'
2024-10-23 21:29:30 - INFO - Test keyword with special characters 'Python 3.8' if finished successfully
2024-10-23 21:29:39 - INFO - Start test: spaces between words 'Python     3.8'
2024-10-23 21:29:39 - INFO - Test spaces between words 'Python     3.8' if finished successfully
2024-10-23 21:29:47 - INFO - Start test: invalid characters
2024-10-23 21:29:48 - INFO - Test invalid characters if finished successfully
2024-10-23 21:29:56 - INFO - Start test: very long keyword
2024-10-23 21:29:58 - INFO - Test very long keyword if finished successfully
2024-10-23 21:30:08 - INFO - Start test: non-existent word 'xyzabc'
2024-10-23 21:30:08 - INFO - Test non-existent word 'xyzabc' if finished successfully
2024-10-23 21:30:20 - INFO - Start test: empty input
2024-10-23 21:30:20 - INFO - Test empty input if finished successfully
2024-10-23 21:30:29 - INFO - Start test: spaces only
2024-10-23 21:30:30 - INFO - Test spaces only if finished successfully
2024-10-23 21:30:32 - INFO - Òåñòèðîâàíèå çàâåðøåíî
